<?xml version="1.0" encoding="UTF-8"?>
<!-- Generated by org.testng.reporters.JUnitReportReporter -->
<testsuite hostname="IbrarM-Dell" failures="0" tests="1" name="pro_training.Automation.Amazon_6" time="7.589" errors="0" timestamp="2020-10-14T21:59:20 EDT" skipped="0">
  <testcase classname="pro_training.Automation.Amazon_6" name="f" time="7.589"/>
  <system-out/>
</testsuite> <!-- pro_training.Automation.Amazon_6 -->
