<?xml version="1.0" encoding="UTF-8"?>
<!-- Generated by org.testng.reporters.JUnitReportReporter -->
<testsuite hostname="IbrarM-Dell" failures="0" tests="2" name="pro_training.Automation.Group" time="0.011" errors="0" timestamp="2020-10-18T22:07:52 EDT" skipped="0">
  <testcase classname="pro_training.Automation.Group" name="test3" time="0.002"/>
  <system-out/>
  <testcase classname="pro_training.Automation.Group" name="test2" time="0.009"/>
  <system-out/>
</testsuite> <!-- pro_training.Automation.Group -->
