<?xml version="1.0" encoding="UTF-8"?>
<!-- Generated by org.testng.reporters.JUnitReportReporter -->
<testsuite hostname="IbrarM-Dell" failures="0" tests="3" name="pro_training.Automation.Provider" time="17.784" errors="0" timestamp="2020-10-18T20:23:19 EDT" skipped="0">
  <testcase classname="pro_training.Automation.Provider" name="f" time="5.420"/>
  <system-out/>
  <testcase classname="pro_training.Automation.Provider" name="f" time="5.672"/>
  <system-out/>
  <testcase classname="pro_training.Automation.Provider" name="f" time="6.692"/>
  <system-out/>
</testsuite> <!-- pro_training.Automation.Provider -->
