<?xml version="1.0" encoding="UTF-8"?>
<!-- Generated by org.testng.reporters.JUnitReportReporter -->
<testsuite hostname="IbrarM-Dell" failures="0" tests="1" name="pro_training.Automation.Propertiess" time="4.852" errors="0" timestamp="2020-10-18T21:29:46 EDT" skipped="0">
  <testcase classname="pro_training.Automation.Propertiess" name="f" time="4.852"/>
  <system-out/>
</testsuite> <!-- pro_training.Automation.Propertiess -->
