<?xml version="1.0" encoding="UTF-8"?>
<!-- Generated by org.testng.reporters.JUnitReportReporter -->
<testsuite hostname="IbrarM-Dell" failures="0" tests="1" name="pro_training.Automation.Amazon" time="6.557" errors="0" timestamp="2020-10-15T20:55:30 EDT" skipped="0">
  <testcase classname="pro_training.Automation.Amazon" name="d" time="6.557"/>
  <system-out/>
</testsuite> <!-- pro_training.Automation.Amazon -->
